2020-12-25 20:48:56.321  INFO 6891 --- [SpringContextShutdownHook] com.alibaba.nacos.client.naming          : com.alibaba.nacos.client.naming.beat.BeatReactor do shutdown stop
2020-12-25 20:48:56.324  INFO 6891 --- [SpringContextShutdownHook] com.alibaba.nacos.client.naming          : com.alibaba.nacos.client.naming.core.EventDispatcher do shutdown begin
2020-12-25 20:48:56.324  INFO 6891 --- [SpringContextShutdownHook] com.alibaba.nacos.client.naming          : com.alibaba.nacos.client.naming.core.EventDispatcher do shutdown stop
2020-12-25 20:48:56.324  INFO 6891 --- [SpringContextShutdownHook] com.alibaba.nacos.client.naming          : com.alibaba.nacos.client.naming.core.HostReactor do shutdown begin
2020-12-25 20:48:56.325  INFO 6891 --- [SpringContextShutdownHook] com.alibaba.nacos.client.naming          : com.alibaba.nacos.client.naming.core.PushReceiver do shutdown begin
2020-12-25 20:48:56.327 ERROR 6891 --- [com.alibaba.nacos.naming.push.receiver] com.alibaba.nacos.client.naming          : [NA] error while receiving push data

java.net.SocketException: Socket closed
	at java.net.PlainDatagramSocketImpl.receive0(Native Method) ~[na:1.8.0_212]
	at java.net.AbstractPlainDatagramSocketImpl.receive(AbstractPlainDatagramSocketImpl.java:143) ~[na:1.8.0_212]
	at java.net.DatagramSocket.receive(DatagramSocket.java:812) ~[na:1.8.0_212]
	at com.alibaba.nacos.client.naming.core.PushReceiver.run(PushReceiver.java:83) ~[nacos-client-1.3.2.jar:na]
	at java.util.concurrent.Executors$RunnableAdapter.call(Executors.java:511) [na:1.8.0_212]
	at java.util.concurrent.FutureTask.run(FutureTask.java:266) [na:1.8.0_212]
	at java.util.concurrent.ScheduledThreadPoolExecutor$ScheduledFutureTask.access$201(ScheduledThreadPoolExecutor.java:180) [na:1.8.0_212]
	at java.util.concurrent.ScheduledThreadPoolExecutor$ScheduledFutureTask.run(ScheduledThreadPoolExecutor.java:293) [na:1.8.0_212]
	at java.util.concurrent.ThreadPoolExecutor.runWorker(ThreadPoolExecutor.java:1149) [na:1.8.0_212]
	at java.util.concurrent.ThreadPoolExecutor$Worker.run(ThreadPoolExecutor.java:624) [na:1.8.0_212]
	at java.lang.Thread.run(Thread.java:748) [na:1.8.0_212]

2020-12-25 20:48:56.328  INFO 6891 --- [SpringContextShutdownHook] com.alibaba.nacos.client.naming          : com.alibaba.nacos.client.naming.core.PushReceiver do shutdown stop
2020-12-25 20:48:56.328  INFO 6891 --- [SpringContextShutdownHook] com.alibaba.nacos.client.naming          : com.alibaba.nacos.client.naming.backups.FailoverReactor do shutdown begin
2020-12-25 20:48:56.328  INFO 6891 --- [SpringContextShutdownHook] com.alibaba.nacos.client.naming          : com.alibaba.nacos.client.naming.backups.FailoverReactor do shutdown stop
2020-12-25 20:48:56.328  INFO 6891 --- [SpringContextShutdownHook] com.alibaba.nacos.client.naming          : com.alibaba.nacos.client.naming.core.HostReactor do shutdown stop
2020-12-25 20:48:56.328  INFO 6891 --- [SpringContextShutdownHook] com.alibaba.nacos.client.naming          : com.alibaba.nacos.client.naming.net.NamingProxy do shutdown begin
2020-12-25 20:48:56.328  WARN 6891 --- [SpringContextShutdownHook] com.alibaba.nacos.client.naming          : [NamingHttpClientManager] Start destroying NacosRestTemplate
2020-12-25 20:48:56.328  WARN 6891 --- [SpringContextShutdownHook] com.alibaba.nacos.client.naming          : [NamingHttpClientManager] Destruction of the end
2020-12-25 20:48:56.328  INFO 6891 --- [SpringContextShutdownHook] com.alibaba.nacos.client.naming          : com.alibaba.nacos.client.naming.net.NamingProxy do shutdown stop
2020-12-25 20:48:56.330  INFO 6891 --- [SpringContextShutdownHook] com.zaxxer.hikari.HikariDataSource       : HikariPool-1 - Shutdown initiated...
2020-12-25 20:48:56.341  INFO 6891 --- [SpringContextShutdownHook] com.zaxxer.hikari.HikariDataSource       : HikariPool-1 - Shutdown completed.
2020-12-25 20:49:01.354  INFO 7545 --- [main] c.p.p.PurchaseGoodsApplication           : No active profile set, falling back to default profiles: default
2020-12-25 20:49:02.000  WARN 7545 --- [main] o.s.boot.actuate.endpoint.EndpointId     : Endpoint ID 'nacos-config' contains invalid characters, please migrate to a valid format.
2020-12-25 20:49:02.003  WARN 7545 --- [main] o.s.boot.actuate.endpoint.EndpointId     : Endpoint ID 'nacos-discovery' contains invalid characters, please migrate to a valid format.
2020-12-25 20:49:02.161  WARN 7545 --- [main] o.s.boot.actuate.endpoint.EndpointId     : Endpoint ID 'service-registry' contains invalid characters, please migrate to a valid format.
2020-12-25 20:49:02.277  INFO 7545 --- [main] o.s.cloud.context.scope.GenericScope     : BeanFactory id=0813d418-ecc3-3494-a451-40f84ef2083f
2020-12-25 20:49:02.361  INFO 7545 --- [main] trationDelegate$BeanPostProcessorChecker : Bean 'org.springframework.security.access.expression.method.DefaultMethodSecurityExpressionHandler@1e4c6583' of type [org.springframework.security.oauth2.provider.expression.OAuth2MethodSecurityExpressionHandler] is not eligible for getting processed by all BeanPostProcessors (for example: not eligible for auto-proxying)
2020-12-25 20:49:02.365  INFO 7545 --- [main] trationDelegate$BeanPostProcessorChecker : Bean 'methodSecurityMetadataSource' of type [org.springframework.security.access.method.DelegatingMethodSecurityMetadataSource] is not eligible for getting processed by all BeanPostProcessors (for example: not eligible for auto-proxying)
2020-12-25 20:49:02.652  INFO 7545 --- [main] o.s.b.w.embedded.tomcat.TomcatWebServer  : Tomcat initialized with port(s): 8000 (http)
2020-12-25 20:49:02.658  INFO 7545 --- [main] o.apache.catalina.core.StandardService   : Starting service [Tomcat]
2020-12-25 20:49:02.658  INFO 7545 --- [main] org.apache.catalina.core.StandardEngine  : Starting Servlet engine: [Apache Tomcat/9.0.38]
2020-12-25 20:49:02.724  INFO 7545 --- [main] o.a.c.c.C.[Tomcat].[localhost].[/]       : Initializing Spring embedded WebApplicationContext
2020-12-25 20:49:02.724  INFO 7545 --- [main] w.s.c.ServletWebServerApplicationContext : Root WebApplicationContext: initialization completed in 1356 ms
2020-12-25 20:49:02.875  WARN 7545 --- [main] o.s.s.o.p.t.s.JwtAccessTokenConverter    : Unable to create an RSA verifier from verifierKey (ignoreable if using MAC)
2020-12-25 20:49:03.323  WARN 7545 --- [main] c.b.m.core.metadata.TableInfoHelper      : Warn: Could not find @TableId in Class: com.purchase.purchasegoods.entity.CategoryBrand.
2020-12-25 20:49:03.658  INFO 7545 --- [main] com.alibaba.nacos.client.naming          : initializer namespace from System Property :null
2020-12-25 20:49:03.658  INFO 7545 --- [main] com.alibaba.nacos.client.naming          : initializer namespace from System Environment :null
2020-12-25 20:49:03.659  INFO 7545 --- [main] com.alibaba.nacos.client.naming          : initializer namespace from System Property :null
2020-12-25 20:49:03.742  INFO 7545 --- [main] o.s.b.a.e.web.EndpointLinksResolver      : Exposing 20 endpoint(s) beneath base path '/actuator'
2020-12-25 20:49:03.839  INFO 7545 --- [main] pertySourcedRequestMappingHandlerMapping : Mapped URL path [/v2/api-docs] onto method [springfox.documentation.swagger2.web.Swagger2Controller#getDocumentation(String, HttpServletRequest)]
2020-12-25 20:49:03.860  WARN 7545 --- [main] c.n.c.sources.URLConfigurationSource     : No URLs will be polled as dynamic configuration sources.
2020-12-25 20:49:03.860  INFO 7545 --- [main] c.n.c.sources.URLConfigurationSource     : To enable URLs as dynamic configuration sources, define System property archaius.configurationSource.additionalUrls or make config.properties available on classpath.
2020-12-25 20:49:03.863  WARN 7545 --- [main] c.n.c.sources.URLConfigurationSource     : No URLs will be polled as dynamic configuration sources.
2020-12-25 20:49:03.864  INFO 7545 --- [main] c.n.c.sources.URLConfigurationSource     : To enable URLs as dynamic configuration sources, define System property archaius.configurationSource.additionalUrls or make config.properties available on classpath.
2020-12-25 20:49:03.900  WARN 7545 --- [main] o.s.s.o.p.t.s.JwtAccessTokenConverter    : Unable to create an RSA verifier from verifierKey (ignoreable if using MAC)
2020-12-25 20:49:03.996  INFO 7545 --- [main] o.s.s.concurrent.ThreadPoolTaskExecutor  : Initializing ExecutorService 'applicationTaskExecutor'
2020-12-25 20:49:04.222  INFO 7545 --- [main] .s.s.UserDetailsServiceAutoConfiguration : 

Using generated security password: fdfe1a1f-8141-484d-b3cd-1906d7caaf89

2020-12-25 20:49:04.390  INFO 7545 --- [main] o.s.s.web.DefaultSecurityFilterChain     : Creating filter chain: any request, [org.springframework.security.web.context.request.async.WebAsyncManagerIntegrationFilter@44aed6a4, org.springframework.security.web.context.SecurityContextPersistenceFilter@10b87ff6, org.springframework.security.web.header.HeaderWriterFilter@3eb9c575, org.springframework.security.web.authentication.logout.LogoutFilter@46e388ec, org.springframework.security.oauth2.provider.authentication.OAuth2AuthenticationProcessingFilter@13a268cd, org.springframework.security.web.savedrequest.RequestCacheAwareFilter@2d4f67e, org.springframework.security.web.servletapi.SecurityContextHolderAwareRequestFilter@41938e1e, org.springframework.security.web.authentication.AnonymousAuthenticationFilter@31ab4859, org.springframework.security.web.session.SessionManagementFilter@135e49b2, org.springframework.security.web.access.ExceptionTranslationFilter@a357c3e, org.springframework.security.web.access.intercept.FilterSecurityInterceptor@5fdb7394]
2020-12-25 20:49:04.538  WARN 7545 --- [main] s.o.SpringCloudSecurityAutoConfiguration : All Spring Cloud Security modules and starters are deprecated. They will be moved to individual projects in the next major release.
2020-12-25 20:49:04.650  INFO 7545 --- [main] com.alibaba.nacos.client.naming          : [LISTENER] adding DEFAULT_GROUP@@purchase-goods with DEFAULT to listener map
2020-12-25 20:49:04.674  INFO 7545 --- [main] o.s.b.w.embedded.tomcat.TomcatWebServer  : Tomcat started on port(s): 8000 (http) with context path ''
2020-12-25 20:49:04.677  INFO 7545 --- [main] com.alibaba.nacos.client.naming          : [BEAT] adding beat: BeatInfo{port=8000, ip='169.254.137.130', weight=1.0, serviceName='DEFAULT_GROUP@@purchase-goods', cluster='DEFAULT', metadata={preserved.register.source=SPRING_CLOUD}, scheduled=false, period=5000, stopped=false} to beat map.
2020-12-25 20:49:04.678  INFO 7545 --- [main] com.alibaba.nacos.client.naming          : [REGISTER-SERVICE] public registering service DEFAULT_GROUP@@purchase-goods with instance: Instance{instanceId='null', ip='169.254.137.130', port=8000, weight=1.0, healthy=true, enabled=true, ephemeral=true, clusterName='DEFAULT', serviceName='null', metadata={preserved.register.source=SPRING_CLOUD}}
2020-12-25 20:49:04.682  INFO 7545 --- [main] c.a.c.n.registry.NacosServiceRegistry    : nacos registry, DEFAULT_GROUP purchase-goods 169.254.137.130:8000 register finished
2020-12-25 20:49:04.685  INFO 7545 --- [main] d.s.w.p.DocumentationPluginsBootstrapper : Context refreshed
2020-12-25 20:49:04.694  INFO 7545 --- [main] d.s.w.p.DocumentationPluginsBootstrapper : Found 1 custom documentation plugin(s)
2020-12-25 20:49:04.733  INFO 7545 --- [main] s.d.s.w.s.ApiListingReferenceScanner     : Scanning for api listing references
2020-12-25 20:49:04.913  INFO 7545 --- [main] c.p.p.PurchaseGoodsApplication           : Started PurchaseGoodsApplication in 4.384 seconds (JVM running for 5.059)
2020-12-25 20:49:04.919  INFO 7545 --- [main] c.a.n.client.config.impl.ClientWorker    : [fixed-localhost_8848-178d958e-9085-4841-8b79-2d77cc33eeca] [subscribe] purchase-goods+DEFAULT_GROUP+178d958e-9085-4841-8b79-2d77cc33eeca
2020-12-25 20:49:04.919  INFO 7545 --- [main] c.a.nacos.client.config.impl.CacheData   : [fixed-localhost_8848-178d958e-9085-4841-8b79-2d77cc33eeca] [add-listener] ok, tenant=178d958e-9085-4841-8b79-2d77cc33eeca, dataId=purchase-goods, group=DEFAULT_GROUP, cnt=1
2020-12-25 20:49:04.920  INFO 7545 --- [main] c.a.n.client.config.impl.ClientWorker    : [fixed-localhost_8848-178d958e-9085-4841-8b79-2d77cc33eeca] [subscribe] purchase-goods.yml+DEFAULT_GROUP+178d958e-9085-4841-8b79-2d77cc33eeca
2020-12-25 20:49:04.920  INFO 7545 --- [main] c.a.nacos.client.config.impl.CacheData   : [fixed-localhost_8848-178d958e-9085-4841-8b79-2d77cc33eeca] [add-listener] ok, tenant=178d958e-9085-4841-8b79-2d77cc33eeca, dataId=purchase-goods.yml, group=DEFAULT_GROUP, cnt=1
2020-12-25 20:49:04.993  INFO 7545 --- [RMI TCP Connection(1)-127.0.0.1] o.a.c.c.C.[Tomcat].[localhost].[/]       : Initializing Spring DispatcherServlet 'dispatcherServlet'
2020-12-25 20:49:04.994  INFO 7545 --- [RMI TCP Connection(1)-127.0.0.1] o.s.web.servlet.DispatcherServlet        : Initializing Servlet 'dispatcherServlet'
2020-12-25 20:49:05.000  INFO 7545 --- [RMI TCP Connection(1)-127.0.0.1] o.s.web.servlet.DispatcherServlet        : Completed initialization in 6 ms
2020-12-25 20:49:05.008  INFO 7545 --- [RMI TCP Connection(2)-127.0.0.1] com.zaxxer.hikari.HikariDataSource       : HikariPool-1 - Starting...
2020-12-25 20:49:05.507  INFO 7545 --- [RMI TCP Connection(2)-127.0.0.1] com.zaxxer.hikari.HikariDataSource       : HikariPool-1 - Start completed.
2020-12-25 20:49:05.661  INFO 7545 --- [com.alibaba.nacos.client.naming.updater] com.alibaba.nacos.client.naming          : new ips(1) service: DEFAULT_GROUP@@purchase-goods@@DEFAULT -> [{"instanceId":"169.254.137.130#8000#DEFAULT#DEFAULT_GROUP@@purchase-goods","ip":"169.254.137.130","port":8000,"weight":1.0,"healthy":true,"enabled":true,"ephemeral":true,"clusterName":"DEFAULT","serviceName":"DEFAULT_GROUP@@purchase-goods","metadata":{"preserved.register.source":"SPRING_CLOUD"},"instanceHeartBeatInterval":5000,"instanceHeartBeatTimeOut":15000,"ipDeleteTimeout":30000}]
2020-12-25 20:49:05.669  INFO 7545 --- [com.alibaba.nacos.client.naming.updater] com.alibaba.nacos.client.naming          : current ips:(1) service: DEFAULT_GROUP@@purchase-goods@@DEFAULT -> [{"instanceId":"169.254.137.130#8000#DEFAULT#DEFAULT_GROUP@@purchase-goods","ip":"169.254.137.130","port":8000,"weight":1.0,"healthy":true,"enabled":true,"ephemeral":true,"clusterName":"DEFAULT","serviceName":"DEFAULT_GROUP@@purchase-goods","metadata":{"preserved.register.source":"SPRING_CLOUD"},"instanceHeartBeatInterval":5000,"instanceHeartBeatTimeOut":15000,"ipDeleteTimeout":30000}]
2020-12-25 20:53:03.302  INFO 7545 --- [SpringContextShutdownHook] com.alibaba.nacos.client.naming          : [LISTENER] removing DEFAULT_GROUP@@purchase-goods with DEFAULT from listener map
2020-12-25 20:53:03.305  INFO 7545 --- [SpringContextShutdownHook] o.s.s.concurrent.ThreadPoolTaskExecutor  : Shutting down ExecutorService 'applicationTaskExecutor'
2020-12-25 20:53:03.306  INFO 7545 --- [SpringContextShutdownHook] c.a.c.n.registry.NacosServiceRegistry    : De-registering from Nacos Server now...
2020-12-25 20:53:03.307  INFO 7545 --- [SpringContextShutdownHook] com.alibaba.nacos.client.naming          : [BEAT] removing beat: DEFAULT_GROUP@@purchase-goods:169.254.137.130:8000 from beat map.
2020-12-25 20:53:03.307  INFO 7545 --- [SpringContextShutdownHook] com.alibaba.nacos.client.naming          : [DEREGISTER-SERVICE] public deregistering service DEFAULT_GROUP@@purchase-goods with instance: Instance{instanceId='null', ip='169.254.137.130', port=8000, weight=1.0, healthy=true, enabled=true, ephemeral=true, clusterName='DEFAULT', serviceName='null', metadata={}}
2020-12-25 20:53:03.312  INFO 7545 --- [SpringContextShutdownHook] c.a.c.n.registry.NacosServiceRegistry    : De-registration finished.
2020-12-25 20:53:03.314  INFO 7545 --- [SpringContextShutdownHook] com.alibaba.nacos.client.naming          : com.alibaba.nacos.client.naming.beat.BeatReactor do shutdown begin
2020-12-25 20:53:05.126  INFO 7545 --- [SpringContextShutdownHook] com.alibaba.nacos.client.naming          : com.alibaba.nacos.client.naming.beat.BeatReactor do shutdown stop
2020-12-25 20:53:05.126  INFO 7545 --- [SpringContextShutdownHook] com.alibaba.nacos.client.naming          : com.alibaba.nacos.client.naming.core.EventDispatcher do shutdown begin
2020-12-25 20:53:06.061  INFO 7545 --- [com.alibaba.nacos.client.naming.updater] com.alibaba.nacos.client.naming          : removed ips(1) service: DEFAULT_GROUP@@purchase-goods@@DEFAULT -> [{"instanceId":"169.254.137.130#8000#DEFAULT#DEFAULT_GROUP@@purchase-goods","ip":"169.254.137.130","port":8000,"weight":1.0,"healthy":true,"enabled":true,"ephemeral":true,"clusterName":"DEFAULT","serviceName":"DEFAULT_GROUP@@purchase-goods","metadata":{"preserved.register.source":"SPRING_CLOUD"},"instanceHeartBeatInterval":5000,"instanceHeartBeatTimeOut":15000,"ipDeleteTimeout":30000}]
2020-12-25 20:53:06.063  INFO 7545 --- [com.alibaba.nacos.client.naming.updater] com.alibaba.nacos.client.naming          : current ips:(0) service: DEFAULT_GROUP@@purchase-goods@@DEFAULT -> []
2020-12-25 20:53:08.132  INFO 7545 --- [SpringContextShutdownHook] com.alibaba.nacos.client.naming          : com.alibaba.nacos.client.naming.core.EventDispatcher do shutdown stop
2020-12-25 20:53:08.132  INFO 7545 --- [SpringContextShutdownHook] com.alibaba.nacos.client.naming          : com.alibaba.nacos.client.naming.core.HostReactor do shutdown begin
2020-12-25 20:53:11.137  INFO 7545 --- [SpringContextShutdownHook] com.alibaba.nacos.client.naming          : com.alibaba.nacos.client.naming.core.PushReceiver do shutdown begin
2020-12-25 20:53:14.145  INFO 7545 --- [SpringContextShutdownHook] com.alibaba.nacos.client.naming          : com.alibaba.nacos.client.naming.core.PushReceiver do shutdown stop
2020-12-25 20:53:14.146  INFO 7545 --- [SpringContextShutdownHook] com.alibaba.nacos.client.naming          : com.alibaba.nacos.client.naming.backups.FailoverReactor do shutdown begin
2020-12-25 20:53:14.146  INFO 7545 --- [SpringContextShutdownHook] com.alibaba.nacos.client.naming          : com.alibaba.nacos.client.naming.backups.FailoverReactor do shutdown stop
2020-12-25 20:53:14.146  INFO 7545 --- [SpringContextShutdownHook] com.alibaba.nacos.client.naming          : com.alibaba.nacos.client.naming.core.HostReactor do shutdown stop
2020-12-25 20:53:14.146  INFO 7545 --- [SpringContextShutdownHook] com.alibaba.nacos.client.naming          : com.alibaba.nacos.client.naming.net.NamingProxy do shutdown begin
2020-12-25 20:53:14.146  WARN 7545 --- [SpringContextShutdownHook] com.alibaba.nacos.client.naming          : [NamingHttpClientManager] Start destroying NacosRestTemplate
2020-12-25 20:53:14.146  WARN 7545 --- [SpringContextShutdownHook] com.alibaba.nacos.client.naming          : [NamingHttpClientManager] Destruction of the end
2020-12-25 20:53:14.146  INFO 7545 --- [SpringContextShutdownHook] com.alibaba.nacos.client.naming          : com.alibaba.nacos.client.naming.net.NamingProxy do shutdown stop
2020-12-25 20:53:14.147  INFO 7545 --- [SpringContextShutdownHook] com.alibaba.nacos.client.naming          : com.alibaba.nacos.client.naming.beat.BeatReactor do shutdown begin
2020-12-25 20:53:14.147  INFO 7545 --- [SpringContextShutdownHook] com.alibaba.nacos.client.naming          : com.alibaba.nacos.client.naming.beat.BeatReactor do shutdown stop
2020-12-25 20:53:14.147  INFO 7545 --- [SpringContextShutdownHook] com.alibaba.nacos.client.naming          : com.alibaba.nacos.client.naming.core.EventDispatcher do shutdown begin
2020-12-25 20:53:14.147  INFO 7545 --- [SpringContextShutdownHook] com.alibaba.nacos.client.naming          : com.alibaba.nacos.client.naming.core.EventDispatcher do shutdown stop
2020-12-25 20:53:14.147  INFO 7545 --- [SpringContextShutdownHook] com.alibaba.nacos.client.naming          : com.alibaba.nacos.client.naming.core.HostReactor do shutdown begin
2020-12-25 20:53:14.147  INFO 7545 --- [SpringContextShutdownHook] com.alibaba.nacos.client.naming          : com.alibaba.nacos.client.naming.core.PushReceiver do shutdown begin
2020-12-25 20:53:14.151 ERROR 7545 --- [com.alibaba.nacos.naming.push.receiver] com.alibaba.nacos.client.naming          : [NA] error while receiving push data

java.net.SocketException: Socket closed
	at java.net.PlainDatagramSocketImpl.receive0(Native Method) ~[na:1.8.0_212]
	at java.net.AbstractPlainDatagramSocketImpl.receive(AbstractPlainDatagramSocketImpl.java:143) ~[na:1.8.0_212]
	at java.net.DatagramSocket.receive(DatagramSocket.java:812) ~[na:1.8.0_212]
	at com.alibaba.nacos.client.naming.core.PushReceiver.run(PushReceiver.java:83) ~[nacos-client-1.3.2.jar:na]
	at java.util.concurrent.Executors$RunnableAdapter.call(Executors.java:511) [na:1.8.0_212]
	at java.util.concurrent.FutureTask.run(FutureTask.java:266) [na:1.8.0_212]
	at java.util.concurrent.ScheduledThreadPoolExecutor$ScheduledFutureTask.access$201(ScheduledThreadPoolExecutor.java:180) [na:1.8.0_212]
	at java.util.concurrent.ScheduledThreadPoolExecutor$ScheduledFutureTask.run(ScheduledThreadPoolExecutor.java:293) [na:1.8.0_212]
	at java.util.concurrent.ThreadPoolExecutor.runWorker(ThreadPoolExecutor.java:1149) [na:1.8.0_212]
	at java.util.concurrent.ThreadPoolExecutor$Worker.run(ThreadPoolExecutor.java:624) [na:1.8.0_212]
	at java.lang.Thread.run(Thread.java:748) [na:1.8.0_212]

2020-12-25 20:53:14.151  INFO 7545 --- [SpringContextShutdownHook] com.alibaba.nacos.client.naming          : com.alibaba.nacos.client.naming.core.PushReceiver do shutdown stop
2020-12-25 20:53:14.151  INFO 7545 --- [SpringContextShutdownHook] com.alibaba.nacos.client.naming          : com.alibaba.nacos.client.naming.backups.FailoverReactor do shutdown begin
2020-12-25 20:53:14.151  INFO 7545 --- [SpringContextShutdownHook] com.alibaba.nacos.client.naming          : com.alibaba.nacos.client.naming.backups.FailoverReactor do shutdown stop
2020-12-25 20:53:14.151  INFO 7545 --- [SpringContextShutdownHook] com.alibaba.nacos.client.naming          : com.alibaba.nacos.client.naming.core.HostReactor do shutdown stop
2020-12-25 20:53:14.151  INFO 7545 --- [SpringContextShutdownHook] com.alibaba.nacos.client.naming          : com.alibaba.nacos.client.naming.net.NamingProxy do shutdown begin
2020-12-25 20:53:14.151  WARN 7545 --- [SpringContextShutdownHook] com.alibaba.nacos.client.naming          : [NamingHttpClientManager] Start destroying NacosRestTemplate
2020-12-25 20:53:14.151  WARN 7545 --- [SpringContextShutdownHook] com.alibaba.nacos.client.naming          : [NamingHttpClientManager] Destruction of the end
2020-12-25 20:53:14.151  INFO 7545 --- [SpringContextShutdownHook] com.alibaba.nacos.client.naming          : com.alibaba.nacos.client.naming.net.NamingProxy do shutdown stop
2020-12-25 20:53:14.154  INFO 7545 --- [SpringContextShutdownHook] com.zaxxer.hikari.HikariDataSource       : HikariPool-1 - Shutdown initiated...
2020-12-25 20:53:14.163  INFO 7545 --- [SpringContextShutdownHook] com.zaxxer.hikari.HikariDataSource       : HikariPool-1 - Shutdown completed.
2020-12-25 20:53:18.507  INFO 7744 --- [main] c.p.p.PurchaseGoodsApplication           : No active profile set, falling back to default profiles: default
2020-12-25 20:53:19.286  WARN 7744 --- [main] o.s.boot.actuate.endpoint.EndpointId     : Endpoint ID 'nacos-config' contains invalid characters, please migrate to a valid format.
2020-12-25 20:53:19.290  WARN 7744 --- [main] o.s.boot.actuate.endpoint.EndpointId     : Endpoint ID 'nacos-discovery' contains invalid characters, please migrate to a valid format.
2020-12-25 20:53:19.528  WARN 7744 --- [main] o.s.boot.actuate.endpoint.EndpointId     : Endpoint ID 'service-registry' contains invalid characters, please migrate to a valid format.
2020-12-25 20:53:19.701  INFO 7744 --- [main] o.s.cloud.context.scope.GenericScope     : BeanFactory id=0813d418-ecc3-3494-a451-40f84ef2083f
2020-12-25 20:53:19.826  INFO 7744 --- [main] trationDelegate$BeanPostProcessorChecker : Bean 'org.springframework.security.access.expression.method.DefaultMethodSecurityExpressionHandler@1e4c6583' of type [org.springframework.security.oauth2.provider.expression.OAuth2MethodSecurityExpressionHandler] is not eligible for getting processed by all BeanPostProcessors (for example: not eligible for auto-proxying)
2020-12-25 20:53:19.834  INFO 7744 --- [main] trationDelegate$BeanPostProcessorChecker : Bean 'methodSecurityMetadataSource' of type [org.springframework.security.access.method.DelegatingMethodSecurityMetadataSource] is not eligible for getting processed by all BeanPostProcessors (for example: not eligible for auto-proxying)
2020-12-25 20:53:20.163  INFO 7744 --- [main] o.s.b.w.embedded.tomcat.TomcatWebServer  : Tomcat initialized with port(s): 8000 (http)
2020-12-25 20:53:20.171  INFO 7744 --- [main] o.apache.catalina.core.StandardService   : Starting service [Tomcat]
2020-12-25 20:53:20.171  INFO 7744 --- [main] org.apache.catalina.core.StandardEngine  : Starting Servlet engine: [Apache Tomcat/9.0.38]
2020-12-25 20:53:20.278  INFO 7744 --- [main] o.a.c.c.C.[Tomcat].[localhost].[/]       : Initializing Spring embedded WebApplicationContext
2020-12-25 20:53:20.279  INFO 7744 --- [main] w.s.c.ServletWebServerApplicationContext : Root WebApplicationContext: initialization completed in 1761 ms
2020-12-25 20:53:20.516  WARN 7744 --- [main] o.s.s.o.p.t.s.JwtAccessTokenConverter    : Unable to create an RSA verifier from verifierKey (ignoreable if using MAC)
2020-12-25 20:53:21.074  WARN 7744 --- [main] c.b.m.core.metadata.TableInfoHelper      : Warn: Could not find @TableId in Class: com.purchase.purchasegoods.entity.CategoryBrand.
2020-12-25 20:53:21.512  INFO 7744 --- [main] com.alibaba.nacos.client.naming          : initializer namespace from System Property :null
2020-12-25 20:53:21.513  INFO 7744 --- [main] com.alibaba.nacos.client.naming          : initializer namespace from System Environment :null
2020-12-25 20:53:21.513  INFO 7744 --- [main] com.alibaba.nacos.client.naming          : initializer namespace from System Property :null
2020-12-25 20:53:21.626  INFO 7744 --- [main] o.s.b.a.e.web.EndpointLinksResolver      : Exposing 20 endpoint(s) beneath base path '/actuator'
2020-12-25 20:53:21.776  INFO 7744 --- [main] pertySourcedRequestMappingHandlerMapping : Mapped URL path [/v2/api-docs] onto method [springfox.documentation.swagger2.web.Swagger2Controller#getDocumentation(String, HttpServletRequest)]
2020-12-25 20:53:21.802  WARN 7744 --- [main] c.n.c.sources.URLConfigurationSource     : No URLs will be polled as dynamic configuration sources.
2020-12-25 20:53:21.803  INFO 7744 --- [main] c.n.c.sources.URLConfigurationSource     : To enable URLs as dynamic configuration sources, define System property archaius.configurationSource.additionalUrls or make config.properties available on classpath.
2020-12-25 20:53:21.806  WARN 7744 --- [main] c.n.c.sources.URLConfigurationSource     : No URLs will be polled as dynamic configuration sources.
2020-12-25 20:53:21.807  INFO 7744 --- [main] c.n.c.sources.URLConfigurationSource     : To enable URLs as dynamic configuration sources, define System property archaius.configurationSource.additionalUrls or make config.properties available on classpath.
2020-12-25 20:53:21.838  WARN 7744 --- [main] o.s.s.o.p.t.s.JwtAccessTokenConverter    : Unable to create an RSA verifier from verifierKey (ignoreable if using MAC)
2020-12-25 20:53:21.923  INFO 7744 --- [main] o.s.s.concurrent.ThreadPoolTaskExecutor  : Initializing ExecutorService 'applicationTaskExecutor'
2020-12-25 20:53:22.161  INFO 7744 --- [main] .s.s.UserDetailsServiceAutoConfiguration : 

Using generated security password: 6c535216-d710-48dc-a772-1a6cd14dda14

2020-12-25 20:53:22.336  INFO 7744 --- [main] o.s.s.web.DefaultSecurityFilterChain     : Creating filter chain: any request, [org.springframework.security.web.context.request.async.WebAsyncManagerIntegrationFilter@44aed6a4, org.springframework.security.web.context.SecurityContextPersistenceFilter@10b87ff6, org.springframework.security.web.header.HeaderWriterFilter@3eb9c575, org.springframework.security.web.authentication.logout.LogoutFilter@46e388ec, org.springframework.security.oauth2.provider.authentication.OAuth2AuthenticationProcessingFilter@13a268cd, org.springframework.security.web.savedrequest.RequestCacheAwareFilter@2d4f67e, org.springframework.security.web.servletapi.SecurityContextHolderAwareRequestFilter@41938e1e, org.springframework.security.web.authentication.AnonymousAuthenticationFilter@31ab4859, org.springframework.security.web.session.SessionManagementFilter@135e49b2, org.springframework.security.web.access.ExceptionTranslationFilter@a357c3e, org.springframework.security.web.access.intercept.FilterSecurityInterceptor@5fdb7394]
2020-12-25 20:53:22.480  WARN 7744 --- [main] s.o.SpringCloudSecurityAutoConfiguration : All Spring Cloud Security modules and starters are deprecated. They will be moved to individual projects in the next major release.
2020-12-25 20:53:22.593  INFO 7744 --- [main] com.alibaba.nacos.client.naming          : [LISTENER] adding DEFAULT_GROUP@@purchase-goods with DEFAULT to listener map
2020-12-25 20:53:22.620  INFO 7744 --- [main] o.s.b.w.embedded.tomcat.TomcatWebServer  : Tomcat started on port(s): 8000 (http) with context path ''
2020-12-25 20:53:22.624  INFO 7744 --- [main] com.alibaba.nacos.client.naming          : [BEAT] adding beat: BeatInfo{port=8000, ip='169.254.137.130', weight=1.0, serviceName='DEFAULT_GROUP@@purchase-goods', cluster='DEFAULT', metadata={preserved.register.source=SPRING_CLOUD}, scheduled=false, period=5000, stopped=false} to beat map.
2020-12-25 20:53:22.625  INFO 7744 --- [main] com.alibaba.nacos.client.naming          : [REGISTER-SERVICE] public registering service DEFAULT_GROUP@@purchase-goods with instance: Instance{instanceId='null', ip='169.254.137.130', port=8000, weight=1.0, healthy=true, enabled=true, ephemeral=true, clusterName='DEFAULT', serviceName='null', metadata={preserved.register.source=SPRING_CLOUD}}
2020-12-25 20:53:22.630  INFO 7744 --- [main] c.a.c.n.registry.NacosServiceRegistry    : nacos registry, DEFAULT_GROUP purchase-goods 169.254.137.130:8000 register finished
2020-12-25 20:53:22.634  INFO 7744 --- [main] d.s.w.p.DocumentationPluginsBootstrapper : Context refreshed
2020-12-25 20:53:22.645  INFO 7744 --- [main] d.s.w.p.DocumentationPluginsBootstrapper : Found 1 custom documentation plugin(s)
2020-12-25 20:53:22.696  INFO 7744 --- [main] s.d.s.w.s.ApiListingReferenceScanner     : Scanning for api listing references
2020-12-25 20:53:22.881  INFO 7744 --- [main] c.p.p.PurchaseGoodsApplication           : Started PurchaseGoodsApplication in 5.147 seconds (JVM running for 5.743)
2020-12-25 20:53:22.887  INFO 7744 --- [main] c.a.n.client.config.impl.ClientWorker    : [fixed-localhost_8848-178d958e-9085-4841-8b79-2d77cc33eeca] [subscribe] purchase-goods+DEFAULT_GROUP+178d958e-9085-4841-8b79-2d77cc33eeca
2020-12-25 20:53:22.887  INFO 7744 --- [main] c.a.nacos.client.config.impl.CacheData   : [fixed-localhost_8848-178d958e-9085-4841-8b79-2d77cc33eeca] [add-listener] ok, tenant=178d958e-9085-4841-8b79-2d77cc33eeca, dataId=purchase-goods, group=DEFAULT_GROUP, cnt=1
2020-12-25 20:53:22.888  INFO 7744 --- [main] c.a.n.client.config.impl.ClientWorker    : [fixed-localhost_8848-178d958e-9085-4841-8b79-2d77cc33eeca] [subscribe] purchase-goods.yml+DEFAULT_GROUP+178d958e-9085-4841-8b79-2d77cc33eeca
2020-12-25 20:53:22.888  INFO 7744 --- [main] c.a.nacos.client.config.impl.CacheData   : [fixed-localhost_8848-178d958e-9085-4841-8b79-2d77cc33eeca] [add-listener] ok, tenant=178d958e-9085-4841-8b79-2d77cc33eeca, dataId=purchase-goods.yml, group=DEFAULT_GROUP, cnt=1
2020-12-25 20:53:23.314  INFO 7744 --- [RMI TCP Connection(2)-127.0.0.1] o.a.c.c.C.[Tomcat].[localhost].[/]       : Initializing Spring DispatcherServlet 'dispatcherServlet'
2020-12-25 20:53:23.314  INFO 7744 --- [RMI TCP Connection(2)-127.0.0.1] o.s.web.servlet.DispatcherServlet        : Initializing Servlet 'dispatcherServlet'
2020-12-25 20:53:23.322  INFO 7744 --- [RMI TCP Connection(2)-127.0.0.1] o.s.web.servlet.DispatcherServlet        : Completed initialization in 7 ms
2020-12-25 20:53:23.333  INFO 7744 --- [RMI TCP Connection(1)-127.0.0.1] com.zaxxer.hikari.HikariDataSource       : HikariPool-1 - Starting...
2020-12-25 20:53:23.607  INFO 7744 --- [com.alibaba.nacos.client.naming.updater] com.alibaba.nacos.client.naming          : new ips(1) service: DEFAULT_GROUP@@purchase-goods@@DEFAULT -> [{"instanceId":"169.254.137.130#8000#DEFAULT#DEFAULT_GROUP@@purchase-goods","ip":"169.254.137.130","port":8000,"weight":1.0,"healthy":true,"enabled":true,"ephemeral":true,"clusterName":"DEFAULT","serviceName":"DEFAULT_GROUP@@purchase-goods","metadata":{"preserved.register.source":"SPRING_CLOUD"},"ipDeleteTimeout":30000,"instanceHeartBeatInterval":5000,"instanceHeartBeatTimeOut":15000}]
2020-12-25 20:53:23.616  INFO 7744 --- [com.alibaba.nacos.client.naming.updater] com.alibaba.nacos.client.naming          : current ips:(1) service: DEFAULT_GROUP@@purchase-goods@@DEFAULT -> [{"instanceId":"169.254.137.130#8000#DEFAULT#DEFAULT_GROUP@@purchase-goods","ip":"169.254.137.130","port":8000,"weight":1.0,"healthy":true,"enabled":true,"ephemeral":true,"clusterName":"DEFAULT","serviceName":"DEFAULT_GROUP@@purchase-goods","metadata":{"preserved.register.source":"SPRING_CLOUD"},"ipDeleteTimeout":30000,"instanceHeartBeatInterval":5000,"instanceHeartBeatTimeOut":15000}]
2020-12-25 20:53:23.912  INFO 7744 --- [RMI TCP Connection(1)-127.0.0.1] com.zaxxer.hikari.HikariDataSource       : HikariPool-1 - Start completed.
2020-12-25 20:56:34.281  INFO 7744 --- [SpringContextShutdownHook] com.alibaba.nacos.client.naming          : [LISTENER] removing DEFAULT_GROUP@@purchase-goods with DEFAULT from listener map
2020-12-25 20:56:34.289  INFO 7744 --- [SpringContextShutdownHook] o.s.s.concurrent.ThreadPoolTaskExecutor  : Shutting down ExecutorService 'applicationTaskExecutor'
2020-12-25 20:56:34.294  INFO 7744 --- [SpringContextShutdownHook] c.a.c.n.registry.NacosServiceRegistry    : De-registering from Nacos Server now...
2020-12-25 20:56:34.294  INFO 7744 --- [SpringContextShutdownHook] com.alibaba.nacos.client.naming          : [BEAT] removing beat: DEFAULT_GROUP@@purchase-goods:169.254.137.130:8000 from beat map.
2020-12-25 20:56:34.295  INFO 7744 --- [SpringContextShutdownHook] com.alibaba.nacos.client.naming          : [DEREGISTER-SERVICE] public deregistering service DEFAULT_GROUP@@purchase-goods with instance: Instance{instanceId='null', ip='169.254.137.130', port=8000, weight=1.0, healthy=true, enabled=true, ephemeral=true, clusterName='DEFAULT', serviceName='null', metadata={}}
2020-12-25 20:56:34.303  INFO 7744 --- [SpringContextShutdownHook] c.a.c.n.registry.NacosServiceRegistry    : De-registration finished.
2020-12-25 20:56:34.306  INFO 7744 --- [SpringContextShutdownHook] com.alibaba.nacos.client.naming          : com.alibaba.nacos.client.naming.beat.BeatReactor do shutdown begin
2020-12-25 20:56:37.311  INFO 7744 --- [SpringContextShutdownHook] com.alibaba.nacos.client.naming          : com.alibaba.nacos.client.naming.beat.BeatReactor do shutdown stop
2020-12-25 20:56:37.312  INFO 7744 --- [SpringContextShutdownHook] com.alibaba.nacos.client.naming          : com.alibaba.nacos.client.naming.core.EventDispatcher do shutdown begin
2020-12-25 20:56:40.321  INFO 7744 --- [SpringContextShutdownHook] com.alibaba.nacos.client.naming          : com.alibaba.nacos.client.naming.core.EventDispatcher do shutdown stop
2020-12-25 20:56:40.322  INFO 7744 --- [SpringContextShutdownHook] com.alibaba.nacos.client.naming          : com.alibaba.nacos.client.naming.core.HostReactor do shutdown begin
2020-12-25 20:56:43.327  INFO 7744 --- [SpringContextShutdownHook] com.alibaba.nacos.client.naming          : com.alibaba.nacos.client.naming.core.PushReceiver do shutdown begin
2020-12-25 20:56:46.337  INFO 7744 --- [SpringContextShutdownHook] com.alibaba.nacos.client.naming          : com.alibaba.nacos.client.naming.core.PushReceiver do shutdown stop
2020-12-25 20:56:46.337  INFO 7744 --- [SpringContextShutdownHook] com.alibaba.nacos.client.naming          : com.alibaba.nacos.client.naming.backups.FailoverReactor do shutdown begin
2020-12-25 20:56:46.338  INFO 7744 --- [SpringContextShutdownHook] com.alibaba.nacos.client.naming          : com.alibaba.nacos.client.naming.backups.FailoverReactor do shutdown stop
2020-12-25 20:56:46.338  INFO 7744 --- [SpringContextShutdownHook] com.alibaba.nacos.client.naming          : com.alibaba.nacos.client.naming.core.HostReactor do shutdown stop
2020-12-25 20:56:46.338  INFO 7744 --- [SpringContextShutdownHook] com.alibaba.nacos.client.naming          : com.alibaba.nacos.client.naming.net.NamingProxy do shutdown begin
2020-12-25 20:56:46.338  WARN 7744 --- [SpringContextShutdownHook] com.alibaba.nacos.client.naming          : [NamingHttpClientManager] Start destroying NacosRestTemplate
2020-12-25 20:56:46.338  WARN 7744 --- [SpringContextShutdownHook] com.alibaba.nacos.client.naming          : [NamingHttpClientManager] Destruction of the end
2020-12-25 20:56:46.338  INFO 7744 --- [SpringContextShutdownHook] com.alibaba.nacos.client.naming          : com.alibaba.nacos.client.naming.net.NamingProxy do shutdown stop
2020-12-25 20:56:46.338  INFO 7744 --- [SpringContextShutdownHook] com.alibaba.nacos.client.naming          : com.alibaba.nacos.client.naming.beat.BeatReactor do shutdown begin
2020-12-25 20:56:46.339  INFO 7744 --- [SpringContextShutdownHook] com.alibaba.nacos.client.naming          : com.alibaba.nacos.client.naming.beat.BeatReactor do shutdown stop
2020-12-25 20:56:46.339  INFO 7744 --- [SpringContextShutdownHook] com.alibaba.nacos.client.naming          : com.alibaba.nacos.client.naming.core.EventDispatcher do shutdown begin
2020-12-25 20:56:46.339  INFO 7744 --- [SpringContextShutdownHook] com.alibaba.nacos.client.naming          : com.alibaba.nacos.client.naming.core.EventDispatcher do shutdown stop
2020-12-25 20:56:46.339  INFO 7744 --- [SpringContextShutdownHook] com.alibaba.nacos.client.naming          : com.alibaba.nacos.client.naming.core.HostReactor do shutdown begin
2020-12-25 20:56:46.339  INFO 7744 --- [SpringContextShutdownHook] com.alibaba.nacos.client.naming          : com.alibaba.nacos.client.naming.core.PushReceiver do shutdown begin
2020-12-25 20:56:46.343 ERROR 7744 --- [com.alibaba.nacos.naming.push.receiver] com.alibaba.nacos.client.naming          : [NA] error while receiving push data

java.net.SocketException: Socket closed
	at java.net.PlainDatagramSocketImpl.receive0(Native Method) ~[na:1.8.0_212]
	at java.net.AbstractPlainDatagramSocketImpl.receive(AbstractPlainDatagramSocketImpl.java:143) ~[na:1.8.0_212]
	at java.net.DatagramSocket.receive(DatagramSocket.java:812) ~[na:1.8.0_212]
	at com.alibaba.nacos.client.naming.core.PushReceiver.run(PushReceiver.java:83) ~[nacos-client-1.3.2.jar:na]
	at java.util.concurrent.Executors$RunnableAdapter.call(Executors.java:511) [na:1.8.0_212]
	at java.util.concurrent.FutureTask.run(FutureTask.java:266) [na:1.8.0_212]
	at java.util.concurrent.ScheduledThreadPoolExecutor$ScheduledFutureTask.access$201(ScheduledThreadPoolExecutor.java:180) [na:1.8.0_212]
	at java.util.concurrent.ScheduledThreadPoolExecutor$ScheduledFutureTask.run(ScheduledThreadPoolExecutor.java:293) [na:1.8.0_212]
	at java.util.concurrent.ThreadPoolExecutor.runWorker(ThreadPoolExecutor.java:1149) [na:1.8.0_212]
	at java.util.concurrent.ThreadPoolExecutor$Worker.run(ThreadPoolExecutor.java:624) [na:1.8.0_212]
	at java.lang.Thread.run(Thread.java:748) [na:1.8.0_212]

2020-12-25 20:56:46.344  INFO 7744 --- [SpringContextShutdownHook] com.alibaba.nacos.client.naming          : com.alibaba.nacos.client.naming.core.PushReceiver do shutdown stop
2020-12-25 20:56:46.344  INFO 7744 --- [SpringContextShutdownHook] com.alibaba.nacos.client.naming          : com.alibaba.nacos.client.naming.backups.FailoverReactor do shutdown begin
2020-12-25 20:56:46.344  INFO 7744 --- [SpringContextShutdownHook] com.alibaba.nacos.client.naming          : com.alibaba.nacos.client.naming.backups.FailoverReactor do shutdown stop
2020-12-25 20:56:46.344  INFO 7744 --- [SpringContextShutdownHook] com.alibaba.nacos.client.naming          : com.alibaba.nacos.client.naming.core.HostReactor do shutdown stop
2020-12-25 20:56:46.344  INFO 7744 --- [SpringContextShutdownHook] com.alibaba.nacos.client.naming          : com.alibaba.nacos.client.naming.net.NamingProxy do shutdown begin
2020-12-25 20:56:46.344  WARN 7744 --- [SpringContextShutdownHook] com.alibaba.nacos.client.naming          : [NamingHttpClientManager] Start destroying NacosRestTemplate
2020-12-25 20:56:46.344  WARN 7744 --- [SpringContextShutdownHook] com.alibaba.nacos.client.naming          : [NamingHttpClientManager] Destruction of the end
2020-12-25 20:56:46.344  INFO 7744 --- [SpringContextShutdownHook] com.alibaba.nacos.client.naming          : com.alibaba.nacos.client.naming.net.NamingProxy do shutdown stop
2020-12-25 20:56:46.347  INFO 7744 --- [SpringContextShutdownHook] com.zaxxer.hikari.HikariDataSource       : HikariPool-1 - Shutdown initiated...
2020-12-25 20:56:46.359  INFO 7744 --- [SpringContextShutdownHook] com.zaxxer.hikari.HikariDataSource       : HikariPool-1 - Shutdown completed.
